<?xml version="1.0" encoding="UTF-8"?>
<testsuite name="powerpackage.powerfinderTest" tests="4" skipped="0" failures="0" errors="0" timestamp="2022-02-12T13:04:25" hostname="MATHEAS" time="0.026">
  <properties/>
  <testcase name="power_of_2_and_3_Is_SIX()" classname="powerpackage.powerfinderTest" time="0.02"/>
  <testcase name="two_power_2_is_4()" classname="powerpackage.powerfinderTest" time="0.001"/>
  <testcase name="one_raised_to_one_is_onew()" classname="powerpackage.powerfinderTest" time="0.001"/>
  <testcase name="twoRaised_to_one_is_2()" classname="powerpackage.powerfinderTest" time="0.001"/>
  <system-out><![CDATA[]]></system-out>
  <system-err><![CDATA[]]></system-err>
</testsuite>
